<?xml version="1.0" encoding="UTF-8"?>
<!-- Generated by org.testng.reporters.JUnitReportReporter -->
<testsuite skipped="0" hostname="197blrnb22556" name="com.paytm.smartretail_api_automation.storecreationapi.TestClass" tests="1" failures="0" timestamp="05 Feb 2019 07:08:27 GMT" time="0.009" errors="0">
  <testcase name="calcaulateCheckSum" time="0.009" classname="com.paytm.smartretail_api_automation.storecreationapi.TestClass"/>
</testsuite> <!-- com.paytm.smartretail_api_automation.storecreationapi.TestClass -->
