<?xml version="1.0" encoding="UTF-8"?>
<!-- Generated by org.testng.reporters.JUnitReportReporter -->
<testsuite skipped="0" hostname="197blrnb22556" name="com.paytm.smartretail_api_automation.storecreationapi.TestAddEditBranchForStore" tests="1" failures="0" timestamp="11 Jan 2019 09:34:49 GMT" time="0.005" errors="0">
  <testcase name="test" time="0.005" classname="com.paytm.smartretail_api_automation.storecreationapi.TestAddEditBranchForStore"/>
</testsuite> <!-- com.paytm.smartretail_api_automation.storecreationapi.TestAddEditBranchForStore -->
