<?xml version="1.0" encoding="UTF-8"?>
<!-- Generated by org.testng.reporters.JUnitReportReporter -->
<testsuite skipped="0" hostname="197blrnb22556" name="com.paytm.smartretail_api_automation.TestOrderApi" tests="2" failures="0" timestamp="26 Feb 2019 10:31:34 GMT" time="0.417" errors="0">
  <testcase name="testOrder_SingleItem" time="0.027" classname="com.paytm.smartretail_api_automation.TestOrderApi"/>
  <testcase name="testOrderWithCustomerInfo" time="0.390" classname="com.paytm.smartretail_api_automation.TestOrderApi"/>
</testsuite> <!-- com.paytm.smartretail_api_automation.TestOrderApi -->
