<?xml version="1.0" encoding="UTF-8"?>
<!-- Generated by org.testng.reporters.JUnitReportReporter -->
<testsuite skipped="0" hostname="197blrnb22556" name="com.paytm.smartretail_api_automation.TestClass" tests="1" failures="0" timestamp="05 Feb 2019 09:28:23 GMT" time="0.140" errors="0">
  <testcase name="testOrderApi" time="0.140" classname="com.paytm.smartretail_api_automation.TestClass"/>
</testsuite> <!-- com.paytm.smartretail_api_automation.TestClass -->
