<?xml version="1.0" encoding="UTF-8"?>
<!-- Generated by org.testng.reporters.JUnitReportReporter -->
<testsuite hostname="197blkrnb23012" failures="0" tests="1" name="com.paytm.smartretail_api_automation.TestOrderApi" time="0.316" errors="0" timestamp="04 Mar 2019 09:35:50 GMT" skipped="0">
  <testcase classname="com.paytm.smartretail_api_automation.TestOrderApi" name="testOrder_SingleItem" time="0.316"/>
</testsuite> <!-- com.paytm.smartretail_api_automation.TestOrderApi -->
